Using pre-set license
Built from '2021.3/staging' branch; Version is '2021.3.11f1 (0a5ca18544bf) revision 679073'; Using compiler version '192829333'; Build Type 'Release'
OS: 'Windows 11  (10.0.22000) 64bit Professional' Language: 'fr' Physical Memory: 16273 MB
BatchMode: 1, IsHumanControllingUs: 0, StartBugReporterOnCrash: 0, Is64bit: 1, IsPro: 1

COMMAND LINE ARGUMENTS:
C:\Program Files\Unity\Hub\Editor\2021.3.11f1\Editor\Unity.exe
-adb2
-batchMode
-noUpm
-name
AssetImportWorker1
-projectPath
C:/Users/User/Documents/SOCLE_STUDIO/CG_v7.1GITHUB/-CG_v7.2
-logFile
Logs/AssetImportWorker1.log
-srvPort
25875
Successfully changed project path to: C:/Users/User/Documents/SOCLE_STUDIO/CG_v7.1GITHUB/-CG_v7.2
C:/Users/User/Documents/SOCLE_STUDIO/CG_v7.1GITHUB/-CG_v7.2
[UnityMemory] Configuration Parameters - Can be set up in boot.config
    "memorysetup-bucket-allocator-granularity=16"
    "memorysetup-bucket-allocator-bucket-count=8"
    "memorysetup-bucket-allocator-block-size=33554432"
    "memorysetup-bucket-allocator-block-count=8"
    "memorysetup-main-allocator-block-size=16777216"
    "memorysetup-thread-allocator-block-size=16777216"
    "memorysetup-gfx-main-allocator-block-size=16777216"
    "memorysetup-gfx-thread-allocator-block-size=16777216"
    "memorysetup-cache-allocator-block-size=4194304"
    "memorysetup-typetree-allocator-block-size=2097152"
    "memorysetup-profiler-bucket-allocator-granularity=16"
    "memorysetup-profiler-bucket-allocator-bucket-count=8"
    "memorysetup-profiler-bucket-allocator-block-size=33554432"
    "memorysetup-profiler-bucket-allocator-block-count=8"
    "memorysetup-profiler-allocator-block-size=16777216"
    "memorysetup-profiler-editor-allocator-block-size=1048576"
    "memorysetup-temp-allocator-size-main=16777216"
    "memorysetup-job-temp-allocator-block-size=2097152"
    "memorysetup-job-temp-allocator-block-size-background=1048576"
    "memorysetup-job-temp-allocator-reduction-small-platforms=262144"
    "memorysetup-temp-allocator-size-background-worker=32768"
    "memorysetup-temp-allocator-size-job-worker=262144"
    "memorysetup-temp-allocator-size-preload-manager=33554432"
    "memorysetup-temp-allocator-size-nav-mesh-worker=65536"
    "memorysetup-temp-allocator-size-audio-worker=65536"
    "memorysetup-temp-allocator-size-cloud-worker=32768"
    "memorysetup-temp-allocator-size-gi-baking-worker=262144"
    "memorysetup-temp-allocator-size-gfx=262144"
Refreshing native plugins compatible for Editor in 64.51 ms, found 3 plugins.
Preloading 0 native plugins for Editor in 0.00 ms.
Initialize engine version: 2021.3.11f1 (0a5ca18544bf)
[Subsystems] Discovering subsystems at path C:/Program Files/Unity/Hub/Editor/2021.3.11f1/Editor/Data/Resources/UnitySubsystems
[Subsystems] Discovering subsystems at path C:/Users/User/Documents/SOCLE_STUDIO/CG_v7.1GITHUB/-CG_v7.2/Assets
GfxDevice: creating device client; threaded=0; jobified=0
Direct3D:
    Version:  Direct3D 11.0 [level 11.1]
    Renderer: AMD Radeon RX 6700 (ID=0x73df)
    Vendor:   ATI
    VRAM:     10195 MB
    Driver:   31.0.12029.10015
Shader 'Custom/RainShader': fallback shader 'Particles/Alpha Blended' not found
Initialize mono
Mono path[0] = 'C:/Program Files/Unity/Hub/Editor/2021.3.11f1/Editor/Data/Managed'
Mono path[1] = 'C:/Program Files/Unity/Hub/Editor/2021.3.11f1/Editor/Data/MonoBleedingEdge/lib/mono/unityjit-win32'
Mono config path = 'C:/Program Files/Unity/Hub/Editor/2021.3.11f1/Editor/Data/MonoBleedingEdge/etc'
Using monoOptions --debugger-agent=transport=dt_socket,embedding=1,server=y,suspend=n,address=127.0.0.1:56288
Begin MonoManager ReloadAssembly
Registering precompiled unity dll's ...
Register platform support module: C:/Program Files/Unity/Hub/Editor/2021.3.11f1/Editor/Data/PlaybackEngines/WebGLSupport/UnityEditor.WebGL.Extensions.dll
Register platform support module: C:/Program Files/Unity/Hub/Editor/2021.3.11f1/Editor/Data/PlaybackEngines/WindowsStandaloneSupport/UnityEditor.WindowsStandalone.Extensions.dll
Register platform support module: C:/Program Files/Unity/Hub/Editor/2021.3.11f1/Editor/Data/PlaybackEngines/MetroSupport/UnityEditor.UWP.Extensions.dll
Registered in 0.005222 seconds.
Native extension for UWP target not found
Native extension for WindowsStandalone target not found
Native extension for WebGL target not found
Refreshing native plugins compatible for Editor in 66.48 ms, found 3 plugins.
Preloading 0 native plugins for Editor in 0.00 ms.
Mono: successfully reloaded assembly
- Completed reload, in  0.534 seconds
Domain Reload Profiling:
	ReloadAssembly (534ms)
		BeginReloadAssembly (62ms)
			ExecutionOrderSort (0ms)
			DisableScriptedObjects (0ms)
			BackupInstance (0ms)
			ReleaseScriptingObjects (0ms)
			CreateAndSetChildDomain (1ms)
		EndReloadAssembly (384ms)
			LoadAssemblies (61ms)
			RebuildTransferFunctionScriptingTraits (0ms)
			SetupTypeCache (87ms)
			ReleaseScriptCaches (0ms)
			RebuildScriptCaches (21ms)
			SetupLoadedEditorAssemblies (231ms)
				LogAssemblyErrors (0ms)
				InitializePlatformSupportModulesInManaged (8ms)
				SetLoadedEditorAssemblies (0ms)
				RefreshPlugins (67ms)
				BeforeProcessingInitializeOnLoad (1ms)
				ProcessInitializeOnLoadAttributes (115ms)
				ProcessInitializeOnLoadMethodAttributes (40ms)
				AfterProcessingInitializeOnLoad (0ms)
				EditorAssembliesLoaded (0ms)
			ExecutionOrderSort2 (0ms)
			AwakeInstancesAfterBackupRestoration (0ms)
Platform modules already initialized, skipping
Registering precompiled user dll's ...
Registered in 0.003246 seconds.
Begin MonoManager ReloadAssembly
Native extension for UWP target not found
Native extension for WindowsStandalone target not found
Native extension for WebGL target not found
Refreshing native plugins compatible for Editor in 1.12 ms, found 3 plugins.
Preloading 0 native plugins for Editor in 0.00 ms.
Mono: successfully reloaded assembly
- Completed reload, in  0.859 seconds
Domain Reload Profiling:
	ReloadAssembly (860ms)
		BeginReloadAssembly (106ms)
			ExecutionOrderSort (0ms)
			DisableScriptedObjects (5ms)
			BackupInstance (0ms)
			ReleaseScriptingObjects (0ms)
			CreateAndSetChildDomain (21ms)
		EndReloadAssembly (651ms)
			LoadAssemblies (76ms)
			RebuildTransferFunctionScriptingTraits (0ms)
			SetupTypeCache (170ms)
			ReleaseScriptCaches (0ms)
			RebuildScriptCaches (41ms)
			SetupLoadedEditorAssemblies (334ms)
				LogAssemblyErrors (0ms)
				InitializePlatformSupportModulesInManaged (7ms)
				SetLoadedEditorAssemblies (0ms)
				RefreshPlugins (1ms)
				BeforeProcessingInitializeOnLoad (52ms)
				ProcessInitializeOnLoadAttributes (188ms)
				ProcessInitializeOnLoadMethodAttributes (78ms)
				AfterProcessingInitializeOnLoad (7ms)
				EditorAssembliesLoaded (0ms)
			ExecutionOrderSort2 (0ms)
			AwakeInstancesAfterBackupRestoration (10ms)
Platform modules already initialized, skipping
========================================================================
Worker process is ready to serve import requests
Shader 'MapMagic/TerrainPreviewURP': fallback shader 'Hidden/Universal Render Pipeline/FallbackError' not found
Shader 'MapMagic/TerrainPreviewURP': dependency 'AddPassShader' shader 'Hidden/Universal Render Pipeline/Terrain/Lit (Add Pass)' not found
Shader 'MapMagic/TerrainPreviewURP': dependency 'BaseMapShader' shader 'Hidden/Universal Render Pipeline/Terrain/Lit (Base Pass)' not found
Shader 'MapMagic/TerrainPreviewURP': dependency 'BaseMapGenShader' shader 'Hidden/Universal Render Pipeline/Terrain/Lit (Basemap Gen)' not found
Shader 'MapMagic/TerrainPreviewHDRP': dependency 'BaseMapShader' shader 'Hidden/HDRP/TerrainLit_Basemap' not found
Shader 'MapMagic/TerrainPreviewHDRP': dependency 'BaseMapGenShader' shader 'Hidden/HDRP/TerrainLit_BasemapGen' not found
Shader 'MapMagic/TerrainPreviewHDRP': dependency 'BaseMapShader' shader 'Hidden/HDRP/TerrainLit_Basemap' not found
Shader 'MapMagic/TerrainPreviewHDRP': dependency 'BaseMapGenShader' shader 'Hidden/HDRP/TerrainLit_BasemapGen' not found
Shader 'MapMagic/TerrainPreviewURP': fallback shader 'Hidden/Universal Render Pipeline/FallbackError' not found
Shader 'MapMagic/TerrainPreviewURP': dependency 'AddPassShader' shader 'Hidden/Universal Render Pipeline/Terrain/Lit (Add Pass)' not found
Shader 'MapMagic/TerrainPreviewURP': dependency 'BaseMapShader' shader 'Hidden/Universal Render Pipeline/Terrain/Lit (Base Pass)' not found
Shader 'MapMagic/TerrainPreviewURP': dependency 'BaseMapGenShader' shader 'Hidden/Universal Render Pipeline/Terrain/Lit (Basemap Gen)' not found
Shader 'Custom/RainShader': fallback shader 'Particles/Alpha Blended' not found
Launched and connected shader compiler UnityShaderCompiler.exe after 0.05 seconds
Refreshing native plugins compatible for Editor in 9.26 ms, found 3 plugins.
Preloading 0 native plugins for Editor in 0.00 ms.
Unloading 2174 Unused Serialized files (Serialized files now loaded: 0)
Unloading 32 unused Assets / (12.5 MB). Loaded Objects now: 2656.
Memory consumption went from 144.7 MB to 132.2 MB.
Total: 17.542800 ms (FindLiveObjects: 1.401600 ms CreateObjectMapping: 0.253500 ms MarkObjects: 13.220000 ms  DeleteObjects: 2.664400 ms)

AssetImportParameters requested are different than current active one (requested -> active):
  custom:video-decoder-ogg-theora: a1e56fd34408186e4bbccfd4996cb3dc -> 
  custom:container-muxer-webm: aa71ff27fc2769a1b78a27578f13a17b -> 
  custom:container-demuxer-webm: 4f35f7cbe854078d1ac9338744f61a02 -> 
  custom:video-encoder-webm-vp8: eb34c28f22e8b96e1ab97ce403110664 -> 
  custom:audio-encoder-webm-vorbis: bf7c407c2cedff20999df2af8eb42d56 -> 
  custom:framework-win-MediaFoundation: 216162199b28c13a410421893ffa2e32 -> 
  custom:container-demuxer-ogg: 62fdf1f143b41e24485cea50d1cbac27 -> 
  custom:video-decoder-webm-vp8: 9c59270c3fd7afecdb556c50c9e8de78 -> 
  custom:audio-decoder-ogg-vorbis: bf7c407c2cedff20999df2af8eb42d56 -> 
========================================================================
Received Import Request.
  Time since last request: 35499.737694 seconds.
  path: Assets/Assets/Mini Nature Pack/Textures/FD_Grass_1.bmp
  artifactKey: Guid(2fb181cc2d8da4f499072d1ae84b7338) Importer(815301076,1909f56bfc062723c751e8b465ee728b)
Start importing Assets/Assets/Mini Nature Pack/Textures/FD_Grass_1.bmp using Guid(2fb181cc2d8da4f499072d1ae84b7338) Importer(815301076,1909f56bfc062723c751e8b465ee728b)  -> (artifact id: '8f9ad6f269a367548096ab5901820b9d') in 0.108733 seconds 
========================================================================
Received Import Request.
  Time since last request: 15.211535 seconds.
  path: Assets/Assets/MapMagic/Demo/LandTextures/GrassYellow.tif
  artifactKey: Guid(534237b9c0bf2434caa478ad21087100) Importer(815301076,1909f56bfc062723c751e8b465ee728b)
Start importing Assets/Assets/MapMagic/Demo/LandTextures/GrassYellow.tif using Guid(534237b9c0bf2434caa478ad21087100) Importer(815301076,1909f56bfc062723c751e8b465ee728b)  -> (artifact id: 'fdf7c46ed7d6dfa34cb61eeaee40d63c') in 0.011974 seconds 
========================================================================
Received Import Request.
  Time since last request: 0.000018 seconds.
  path: Assets/Assets/MapMagic/Demo/LandTextures/CliffDark.tif
  artifactKey: Guid(f0eabb916c8c83c48be3498e5b1bc768) Importer(815301076,1909f56bfc062723c751e8b465ee728b)
Start importing Assets/Assets/MapMagic/Demo/LandTextures/CliffDark.tif using Guid(f0eabb916c8c83c48be3498e5b1bc768) Importer(815301076,1909f56bfc062723c751e8b465ee728b)  -> (artifact id: '7816613046cf5c328ff5d9a5d9246a0d') in 0.007974 seconds 
========================================================================
Received Import Request.
  Time since last request: 2.574143 seconds.
  path: Assets/Assets/MapMagic/Demo/LandTextures/GrassGreen_nrm.tif
  artifactKey: Guid(7f9dbb35b6a417044bde86476b626336) Importer(815301076,1909f56bfc062723c751e8b465ee728b)
Start importing Assets/Assets/MapMagic/Demo/LandTextures/GrassGreen_nrm.tif using Guid(7f9dbb35b6a417044bde86476b626336) Importer(815301076,1909f56bfc062723c751e8b465ee728b)  -> (artifact id: 'c1bff63eaf106ff75b7882b61867008f') in 0.043772 seconds 
========================================================================
Received Import Request.
  Time since last request: 31.422729 seconds.
  path: Assets/Assets/MapMagic/Demo/TerrainLayers/CliffDark.terrainlayer
  artifactKey: Guid(cf3df7d7519ee014ebecbfe99c6cab3a) Importer(815301076,1909f56bfc062723c751e8b465ee728b)
Start importing Assets/Assets/MapMagic/Demo/TerrainLayers/CliffDark.terrainlayer using Guid(cf3df7d7519ee014ebecbfe99c6cab3a) Importer(815301076,1909f56bfc062723c751e8b465ee728b)  -> (artifact id: 'e6f24c52330adba67f0f542ae7d33871') in 0.023021 seconds 
========================================================================
Received Import Request.
  Time since last request: 0.000018 seconds.
  path: Assets/Assets/Photoscanned MoutainsRocks PBR/DemoScene/Layer02.terrainlayer
  artifactKey: Guid(0eefc4a5bcbb29f40b2f7a159966f715) Importer(815301076,1909f56bfc062723c751e8b465ee728b)
Start importing Assets/Assets/Photoscanned MoutainsRocks PBR/DemoScene/Layer02.terrainlayer using Guid(0eefc4a5bcbb29f40b2f7a159966f715) Importer(815301076,1909f56bfc062723c751e8b465ee728b)  -> (artifact id: '9dfaef8285406db00faa73cc4affb63a') in 0.016965 seconds 
========================================================================
Received Import Request.
  Time since last request: 0.000039 seconds.
  path: Assets/_TerrainAutoUpgrade/layer_ground_redclay_Aground_redclay_N2023054508611406.terrainlayer
  artifactKey: Guid(2000629b8fae9e0418ee643ac3fe5d81) Importer(815301076,1909f56bfc062723c751e8b465ee728b)
Start importing Assets/_TerrainAutoUpgrade/layer_ground_redclay_Aground_redclay_N2023054508611406.terrainlayer using Guid(2000629b8fae9e0418ee643ac3fe5d81) Importer(815301076,1909f56bfc062723c751e8b465ee728b)  -> (artifact id: '9203b748500526cf4cb2d3254a79e367') in 0.030727 seconds 
========================================================================
Received Import Request.
  Time since last request: 0.000031 seconds.
  path: Assets/_TerrainAutoUpgrade/layer_FD_Grass_13d3aba195e4d26ee.terrainlayer
  artifactKey: Guid(85ceddb023273e44d862864f2b99462d) Importer(815301076,1909f56bfc062723c751e8b465ee728b)
Start importing Assets/_TerrainAutoUpgrade/layer_FD_Grass_13d3aba195e4d26ee.terrainlayer using Guid(85ceddb023273e44d862864f2b99462d) Importer(815301076,1909f56bfc062723c751e8b465ee728b)  -> (artifact id: 'acd34596dd7f341834cc5cbb7cde9f7e') in 0.010642 seconds 
========================================================================
Received Import Request.
  Time since last request: 0.000024 seconds.
  path: Assets/_TerrainAutoUpgrade/layer_pavementB_tiling_ApavementB_tiling_N300dce66a5689c80.terrainlayer
  artifactKey: Guid(7a044048101e2f040b6e7a6867ac9b41) Importer(815301076,1909f56bfc062723c751e8b465ee728b)
Start importing Assets/_TerrainAutoUpgrade/layer_pavementB_tiling_ApavementB_tiling_N300dce66a5689c80.terrainlayer using Guid(7a044048101e2f040b6e7a6867ac9b41) Importer(815301076,1909f56bfc062723c751e8b465ee728b)  -> (artifact id: '279a5a9314823fb50f717eea486582e1') in 0.027414 seconds 
========================================================================
Received Import Request.
  Time since last request: 0.000022 seconds.
  path: Assets/Assets/Photoscanned MoutainsRocks PBR/DemoScene/Layer04.terrainlayer
  artifactKey: Guid(38a546bf5d85c304c99211284c666f9b) Importer(815301076,1909f56bfc062723c751e8b465ee728b)
Start importing Assets/Assets/Photoscanned MoutainsRocks PBR/DemoScene/Layer04.terrainlayer using Guid(38a546bf5d85c304c99211284c666f9b) Importer(815301076,1909f56bfc062723c751e8b465ee728b)  -> (artifact id: '49fd2e874e908f80009966c7b323a0b1') in 0.013080 seconds 
========================================================================
Received Import Request.
  Time since last request: 0.000017 seconds.
  path: Assets/Assets/MapMagic/Demo/TerrainLayers/GrassYellow.terrainlayer
  artifactKey: Guid(dbd5cac43e2888e42b956cba46f3d44f) Importer(815301076,1909f56bfc062723c751e8b465ee728b)
Start importing Assets/Assets/MapMagic/Demo/TerrainLayers/GrassYellow.terrainlayer using Guid(dbd5cac43e2888e42b956cba46f3d44f) Importer(815301076,1909f56bfc062723c751e8b465ee728b)  -> (artifact id: 'ecda8a640d6f572f4f3c988ca88f77b5') in 0.010681 seconds 
========================================================================
Received Import Request.
  Time since last request: 0.000016 seconds.
  path: Assets/Prefabs/Other/terrain/plaine/NewLayer.terrainlayer
  artifactKey: Guid(dc967672fff57934db57c1b354ed6a52) Importer(815301076,1909f56bfc062723c751e8b465ee728b)
Start importing Assets/Prefabs/Other/terrain/plaine/NewLayer.terrainlayer using Guid(dc967672fff57934db57c1b354ed6a52) Importer(815301076,1909f56bfc062723c751e8b465ee728b)  -> (artifact id: '57f30e3e72d8ebe4d0b358746b7bb7ba') in 0.020850 seconds 
========================================================================
Received Import Request.
  Time since last request: 0.000025 seconds.
  path: Assets/_TerrainAutoUpgrade/layer_FD_Grass_23d3aba195e4d26ee.terrainlayer
  artifactKey: Guid(204fdc7f7ca1e524b8e38a0a7376fe47) Importer(815301076,1909f56bfc062723c751e8b465ee728b)
Start importing Assets/_TerrainAutoUpgrade/layer_FD_Grass_23d3aba195e4d26ee.terrainlayer using Guid(204fdc7f7ca1e524b8e38a0a7376fe47) Importer(815301076,1909f56bfc062723c751e8b465ee728b)  -> (artifact id: 'd93e08c4e37bb99938c5f1e53cd21b2e') in 0.013836 seconds 
========================================================================
Received Import Request.
  Time since last request: 0.000035 seconds.
  path: Assets/Assets/MapMagic/Demo/Compatibility/MicroSplat/microsplat_layer_YellowGrass_3.terrainlayer
  artifactKey: Guid(2a94bb3c3f1c48544870d19ba52a0f5b) Importer(815301076,1909f56bfc062723c751e8b465ee728b)
Start importing Assets/Assets/MapMagic/Demo/Compatibility/MicroSplat/microsplat_layer_YellowGrass_3.terrainlayer using Guid(2a94bb3c3f1c48544870d19ba52a0f5b) Importer(815301076,1909f56bfc062723c751e8b465ee728b)  -> (artifact id: 'd30873c0a523899554c829d47ab61d29') in 0.012040 seconds 
========================================================================
Received Import Request.
  Time since last request: 0.000018 seconds.
  path: Assets/_TerrainAutoUpgrade/layer_FD_Cliff_23d3aba195e4d26ee.terrainlayer
  artifactKey: Guid(792fb7d30ec730d41912f133705847a4) Importer(815301076,1909f56bfc062723c751e8b465ee728b)
Start importing Assets/_TerrainAutoUpgrade/layer_FD_Cliff_23d3aba195e4d26ee.terrainlayer using Guid(792fb7d30ec730d41912f133705847a4) Importer(815301076,1909f56bfc062723c751e8b465ee728b)  -> (artifact id: '853debb7cb7197f5b8e317b530e14d38') in 0.015156 seconds 
========================================================================
Received Import Request.
  Time since last request: 0.000024 seconds.
  path: Assets/Prefabs/Other/terrain/region/NewLayer.terrainlayer
  artifactKey: Guid(e918f0ecdd4d2aa4fa20257f33ad3ce6) Importer(815301076,1909f56bfc062723c751e8b465ee728b)
Start importing Assets/Prefabs/Other/terrain/region/NewLayer.terrainlayer using Guid(e918f0ecdd4d2aa4fa20257f33ad3ce6) Importer(815301076,1909f56bfc062723c751e8b465ee728b)  -> (artifact id: '1013a85bffe51e443b0ce6e5bf84a9b2') in 0.010508 seconds 
========================================================================
Received Import Request.
  Time since last request: 0.000020 seconds.
  path: Assets/Terrain/Samples/Terrain Tools/0.1.0-preview/Terrain Assets/TerrainLayers/snow.terrainlayer
  artifactKey: Guid(34a7124a250b6314f803cba5555e7faa) Importer(815301076,1909f56bfc062723c751e8b465ee728b)
Start importing Assets/Terrain/Samples/Terrain Tools/0.1.0-preview/Terrain Assets/TerrainLayers/snow.terrainlayer using Guid(34a7124a250b6314f803cba5555e7faa) Importer(815301076,1909f56bfc062723c751e8b465ee728b)  -> (artifact id: '5c03dac0c55b2ccb4c072ab8d2fccc6b') in 0.019415 seconds 
========================================================================
Received Import Request.
  Time since last request: 0.000025 seconds.
  path: Assets/Terrain/Samples/Terrain Tools/0.1.0-preview/Terrain Assets/TerrainLayers/rock.terrainlayer
  artifactKey: Guid(716937fe861ba6748bfd599e6802e70a) Importer(815301076,1909f56bfc062723c751e8b465ee728b)
Start importing Assets/Terrain/Samples/Terrain Tools/0.1.0-preview/Terrain Assets/TerrainLayers/rock.terrainlayer using Guid(716937fe861ba6748bfd599e6802e70a) Importer(815301076,1909f56bfc062723c751e8b465ee728b)  -> (artifact id: '8b0b8d6437cbde2face5628f0357d4e7') in 0.012072 seconds 
========================================================================
Received Import Request.
  Time since last request: 0.000023 seconds.
  path: Assets/Scripts/terrain/NewLayer.terrainlayer
  artifactKey: Guid(d30de7986b3a6c7469eb4fd7962819c7) Importer(815301076,1909f56bfc062723c751e8b465ee728b)
Start importing Assets/Scripts/terrain/NewLayer.terrainlayer using Guid(d30de7986b3a6c7469eb4fd7962819c7) Importer(815301076,1909f56bfc062723c751e8b465ee728b)  -> (artifact id: '6aae1af1c66010e72b21c1ef2b89b10a') in 0.003531 seconds 
========================================================================
Received Import Request.
  Time since last request: 0.000015 seconds.
  path: Assets/Assets/Photoscanned MoutainsRocks PBR/DemoScene/Layer03.terrainlayer
  artifactKey: Guid(719c01caa55f749428529183c4c03acb) Importer(815301076,1909f56bfc062723c751e8b465ee728b)
Start importing Assets/Assets/Photoscanned MoutainsRocks PBR/DemoScene/Layer03.terrainlayer using Guid(719c01caa55f749428529183c4c03acb) Importer(815301076,1909f56bfc062723c751e8b465ee728b)  -> (artifact id: 'f06c6347c385eafd14d9115548481168') in 0.014453 seconds 
========================================================================
Received Prepare
Registering precompiled user dll's ...
Registered in 0.003234 seconds.
Begin MonoManager ReloadAssembly
Native extension for UWP target not found
Native extension for WindowsStandalone target not found
Native extension for WebGL target not found
Refreshing native plugins compatible for Editor in 1.20 ms, found 3 plugins.
Preloading 0 native plugins for Editor in 0.00 ms.
Mono: successfully reloaded assembly
- Completed reload, in  0.811 seconds
Domain Reload Profiling:
	ReloadAssembly (812ms)
		BeginReloadAssembly (106ms)
			ExecutionOrderSort (0ms)
			DisableScriptedObjects (4ms)
			BackupInstance (0ms)
			ReleaseScriptingObjects (0ms)
			CreateAndSetChildDomain (30ms)
		EndReloadAssembly (631ms)
			LoadAssemblies (63ms)
			RebuildTransferFunctionScriptingTraits (0ms)
			SetupTypeCache (143ms)
			ReleaseScriptCaches (1ms)
			RebuildScriptCaches (31ms)
			SetupLoadedEditorAssemblies (339ms)
				LogAssemblyErrors (0ms)
				InitializePlatformSupportModulesInManaged (13ms)
				SetLoadedEditorAssemblies (0ms)
				RefreshPlugins (1ms)
				BeforeProcessingInitializeOnLoad (44ms)
				ProcessInitializeOnLoadAttributes (176ms)
				ProcessInitializeOnLoadMethodAttributes (96ms)
				AfterProcessingInitializeOnLoad (8ms)
				EditorAssembliesLoaded (0ms)
			ExecutionOrderSort2 (0ms)
			AwakeInstancesAfterBackupRestoration (8ms)
Platform modules already initialized, skipping
Shader 'MapMagic/TerrainPreviewURP': fallback shader 'Hidden/Universal Render Pipeline/FallbackError' not found
Shader 'MapMagic/TerrainPreviewURP': dependency 'AddPassShader' shader 'Hidden/Universal Render Pipeline/Terrain/Lit (Add Pass)' not found
Shader 'MapMagic/TerrainPreviewURP': dependency 'BaseMapShader' shader 'Hidden/Universal Render Pipeline/Terrain/Lit (Base Pass)' not found
Shader 'MapMagic/TerrainPreviewURP': dependency 'BaseMapGenShader' shader 'Hidden/Universal Render Pipeline/Terrain/Lit (Basemap Gen)' not found
Shader 'MapMagic/TerrainPreviewHDRP': dependency 'BaseMapShader' shader 'Hidden/HDRP/TerrainLit_Basemap' not found
Shader 'MapMagic/TerrainPreviewHDRP': dependency 'BaseMapGenShader' shader 'Hidden/HDRP/TerrainLit_BasemapGen' not found
Shader 'MapMagic/TerrainPreviewURP': fallback shader 'Hidden/Universal Render Pipeline/FallbackError' not found
Shader 'MapMagic/TerrainPreviewURP': dependency 'AddPassShader' shader 'Hidden/Universal Render Pipeline/Terrain/Lit (Add Pass)' not found
Shader 'MapMagic/TerrainPreviewURP': dependency 'BaseMapShader' shader 'Hidden/Universal Render Pipeline/Terrain/Lit (Base Pass)' not found
Shader 'MapMagic/TerrainPreviewURP': dependency 'BaseMapGenShader' shader 'Hidden/Universal Render Pipeline/Terrain/Lit (Basemap Gen)' not found
Shader 'Custom/RainShader': fallback shader 'Particles/Alpha Blended' not found
Shader 'MapMagic/TerrainPreviewHDRP': dependency 'BaseMapShader' shader 'Hidden/HDRP/TerrainLit_Basemap' not found
Shader 'MapMagic/TerrainPreviewHDRP': dependency 'BaseMapGenShader' shader 'Hidden/HDRP/TerrainLit_BasemapGen' not found
Refreshing native plugins compatible for Editor in 2.39 ms, found 3 plugins.
Preloading 0 native plugins for Editor in 0.00 ms.
Unloading 2103 Unused Serialized files (Serialized files now loaded: 0)
Unloading 25 unused Assets / (12.5 MB). Loaded Objects now: 2667.
Memory consumption went from 147.1 MB to 134.7 MB.
Total: 4.278600 ms (FindLiveObjects: 0.220500 ms CreateObjectMapping: 0.104400 ms MarkObjects: 2.587700 ms  DeleteObjects: 1.365400 ms)

AssetImportParameters requested are different than current active one (requested -> active):
  custom:video-decoder-ogg-theora: a1e56fd34408186e4bbccfd4996cb3dc -> 
  custom:container-muxer-webm: aa71ff27fc2769a1b78a27578f13a17b -> 
  custom:container-demuxer-webm: 4f35f7cbe854078d1ac9338744f61a02 -> 
  custom:video-encoder-webm-vp8: eb34c28f22e8b96e1ab97ce403110664 -> 
  custom:audio-encoder-webm-vorbis: bf7c407c2cedff20999df2af8eb42d56 -> 
  custom:framework-win-MediaFoundation: 216162199b28c13a410421893ffa2e32 -> 
  custom:container-demuxer-ogg: 62fdf1f143b41e24485cea50d1cbac27 -> 
  custom:video-decoder-webm-vp8: 9c59270c3fd7afecdb556c50c9e8de78 -> 
  custom:audio-decoder-ogg-vorbis: bf7c407c2cedff20999df2af8eb42d56 -> 
